  ofApp.cpp
C:\Users\bdisu\Downloads\of_v0.12.0_vs_release\of_v0.12.0_vs_release\libs\openFrameworks\utils\ofUtils.h(1,1): warning C4819: 현재 코드 페이지(949)에서 표시할 수 없는 문자가 파일에 들어 있습니다. 데이터가 손실되지 않게 하려면 해당 파일을 유니코드 형식으로 저장하십시오.
  (소스 파일 'src/ofApp.cpp'을(를) 컴파일하는 중)
  
C:\Users\bdisu\Downloads\of_v0.12.0_vs_release\of_v0.12.0_vs_release\libs\openFrameworks\math\ofVec3f.h(1,1): warning C4819: 현재 코드 페이지(949)에서 표시할 수 없는 문자가 파일에 들어 있습니다. 데이터가 손실되지 않게 하려면 해당 파일을 유니코드 형식으로 저장하십시오.
  (소스 파일 'src/ofApp.cpp'을(를) 컴파일하는 중)
  
C:\Users\bdisu\Downloads\of_v0.12.0_vs_release\of_v0.12.0_vs_release\libs\openFrameworks\math\ofVec2f.h(1,1): warning C4819: 현재 코드 페이지(949)에서 표시할 수 없는 문자가 파일에 들어 있습니다. 데이터가 손실되지 않게 하려면 해당 파일을 유니코드 형식으로 저장하십시오.
  (소스 파일 'src/ofApp.cpp'을(를) 컴파일하는 중)
  
C:\Users\bdisu\Downloads\of_v0.12.0_vs_release\of_v0.12.0_vs_release\libs\openFrameworks\math\ofMatrix4x4.h(326,20): warning C4267: '인수': 'size_t'에서 'int'(으)로 변환하면서 데이터가 손실될 수 있습니다.
  (소스 파일 'src/ofApp.cpp'을(를) 컴파일하는 중)
  
C:\Users\bdisu\Downloads\of_v0.12.0_vs_release\of_v0.12.0_vs_release\libs\openFrameworks\math\ofMatrix4x4.h(331,20): warning C4267: '인수': 'size_t'에서 'int'(으)로 변환하면서 데이터가 손실될 수 있습니다.
  (소스 파일 'src/ofApp.cpp'을(를) 컴파일하는 중)
  
C:\Users\bdisu\Downloads\of_v0.12.0_vs_release\of_v0.12.0_vs_release\libs\openFrameworks\math\ofMatrix4x4.h(912,11): warning C4267: '인수': 'size_t'에서 'int'(으)로 변환하면서 데이터가 손실될 수 있습니다.
  (소스 파일 'src/ofApp.cpp'을(를) 컴파일하는 중)
  
C:\Users\bdisu\Downloads\of_v0.12.0_vs_release\of_v0.12.0_vs_release\libs\openFrameworks\math\ofMatrix4x4.h(913,11): warning C4267: '인수': 'size_t'에서 'int'(으)로 변환하면서 데이터가 손실될 수 있습니다.
  (소스 파일 'src/ofApp.cpp'을(를) 컴파일하는 중)
  
C:\Users\bdisu\Downloads\of_v0.12.0_vs_release\of_v0.12.0_vs_release\libs\openFrameworks\math\ofMatrix4x4.h(914,11): warning C4267: '인수': 'size_t'에서 'int'(으)로 변환하면서 데이터가 손실될 수 있습니다.
  (소스 파일 'src/ofApp.cpp'을(를) 컴파일하는 중)
  
C:\Users\bdisu\Downloads\of_v0.12.0_vs_release\of_v0.12.0_vs_release\libs\openFrameworks\math\ofMatrix4x4.h(915,11): warning C4267: '인수': 'size_t'에서 'int'(으)로 변환하면서 데이터가 손실될 수 있습니다.
  (소스 파일 'src/ofApp.cpp'을(를) 컴파일하는 중)
  
C:\Users\bdisu\Downloads\of_v0.12.0_vs_release\of_v0.12.0_vs_release\apps\myApps\BounceBall\src\ofApp.cpp(244,3): warning C4996: 'sprintf': This function or variable may be unsafe. Consider using sprintf_s instead. To disable deprecation, use _CRT_SECURE_NO_WARNINGS. See online help for details.
LINK : warning LNK4075: '/INCREMENTAL'이(가) '/FORCE' 사양으로 인해 무시됩니다.
ofApp.obj : warning LNK4006: "struct block * Map" (?Map@@3PAUblock@@A)이(가) main.obj에 이미 정의되어 있습니다. 초 정의가 무시됩니다.
ofApp.obj : warning LNK4006: "int blockcount" (?blockcount@@3HA)이(가) main.obj에 이미 정의되어 있습니다. 초 정의가 무시됩니다.
Ball.obj : warning LNK4006: "struct block * Map" (?Map@@3PAUblock@@A)이(가) main.obj에 이미 정의되어 있습니다. 초 정의가 무시됩니다.
Ball.obj : warning LNK4006: "int blockcount" (?blockcount@@3HA)이(가) main.obj에 이미 정의되어 있습니다. 초 정의가 무시됩니다.
bin\BounceBall_debug.exe : warning LNK4088: /FORCE 옵션을 사용하여 생성하는 이미지입니다. 이미지가 실행되지 않을 수도 있습니다.
  BounceBall.vcxproj -> C:\Users\bdisu\Downloads\of_v0.12.0_vs_release\of_v0.12.0_vs_release\apps\myApps\BounceBall\bin\BounceBall_debug.exe
  
  	                   2	C:\Users\bdisu\Downloads\of_v0.12.0_vs_release\of_v0.12.0_vs_release\libs\fmod\lib\vs\x64\
  	  *추가 파일  		 6942208	C:\Users\bdisu\Downloads\of_v0.12.0_vs_release\of_v0.12.0_vs_release\apps\myApps\BounceBall\bin\FreeImage.dll
  
  	                   1	C:\Users\bdisu\Downloads\of_v0.12.0_vs_release\of_v0.12.0_vs_release\libs\FreeImage\lib\vs\x64\
  	  *추가 파일  		 1826304	C:\Users\bdisu\Downloads\of_v0.12.0_vs_release\of_v0.12.0_vs_release\apps\myApps\BounceBall\bin\fmod.dll
  	  *추가 파일  		 2041856	C:\Users\bdisu\Downloads\of_v0.12.0_vs_release\of_v0.12.0_vs_release\apps\myApps\BounceBall\bin\fmodL.dll
